<?xml version="1.0" encoding="UTF-8"?>
<!-- Generated by org.testng.reporters.JUnitReportReporter -->
<testsuite hostname="Anand_PC" failures="0" tests="9" name="api.test.DDTests" time="13.557" errors="0" timestamp="2023-04-10T17:41:52 IST" skipped="0">
  <testcase classname="api.test.DDTests" name="testPostUser" time="1.348"/>
  <system-out/>
  <testcase classname="api.test.DDTests" name="testPostUser" time="1.415"/>
  <system-out/>
  <testcase classname="api.test.DDTests" name="testPostUser" time="2.605"/>
  <system-out/>
  <testcase classname="api.test.DDTests" name="testgetByUsername" time="1.395"/>
  <system-out/>
  <testcase classname="api.test.DDTests" name="testgetByUsername" time="1.345"/>
  <system-out/>
  <testcase classname="api.test.DDTests" name="testgetByUsername" time="1.407"/>
  <system-out/>
  <testcase classname="api.test.DDTests" name="testDeleteUserByName" time="1.346"/>
  <system-out/>
  <testcase classname="api.test.DDTests" name="testDeleteUserByName" time="1.346"/>
  <system-out/>
  <testcase classname="api.test.DDTests" name="testDeleteUserByName" time="1.350"/>
  <system-out/>
</testsuite> <!-- api.test.DDTests -->
