<?xml version="1.0" encoding="UTF-8"?>
<!-- Generated by org.testng.reporters.JUnitReportReporter -->
<testsuite hostname="Anand_PC" failures="0" tests="4" name="api.test.UserTests" time="8.140" errors="0" timestamp="2023-04-18T14:56:05 IST" skipped="0">
  <testcase classname="api.test.UserTests" name="testPostUser" time="2.619"/>
  <system-out/>
  <testcase classname="api.test.UserTests" name="testGetUserByName" time="1.412"/>
  <system-out/>
  <testcase classname="api.test.UserTests" name="testUpdateUserByName" time="2.724"/>
  <system-out/>
  <testcase classname="api.test.UserTests" name="testDeleteUser" time="1.385"/>
  <system-out/>
</testsuite> <!-- api.test.UserTests -->
