<?xml version="1.0" encoding="UTF-8"?>
<!-- Generated by org.testng.reporters.JUnitReportReporter -->
<testsuite hostname="Anand_PC" failures="0" tests="4" name="api.test.UserTests" time="8.103" errors="0" timestamp="2023-04-19T18:12:01 IST" skipped="0">
  <testcase classname="api.test.UserTests" name="testPostUser" time="2.747"/>
  <system-out/>
  <testcase classname="api.test.UserTests" name="testGetUserByName" time="1.292"/>
  <system-out/>
  <testcase classname="api.test.UserTests" name="testUpdateUserByName" time="2.484"/>
  <system-out/>
  <testcase classname="api.test.UserTests" name="testDeleteUser" time="1.580"/>
  <system-out/>
</testsuite> <!-- api.test.UserTests -->
